<?xml version="1.0" encoding="UTF-8"?>
<testsuite xmlns:xsi="http://www.w3.org/2001/XMLSchema-instance" xsi:noNamespaceSchemaLocation="https://maven.apache.org/surefire/maven-surefire-plugin/xsd/surefire-test-report.xsd" name="SegedMetodusokTest" time="0.081" tests="6" errors="0" skipped="0" failures="0">
  <properties>
[...]
</properties>
  <testcase name="egeszbolBetuTest" classname="SegedMetodusokTest" time="0.047"/>
  <testcase name="oszlopKonvertalTest" classname="SegedMetodusokTest" time="0"/>
  <testcase name="igazHamisTest" classname="SegedMetodusokTest" time="0"/>
  <testcase name="oszlopbolBetuTest" classname="SegedMetodusokTest" time="0.008"/>
  <testcase name="szamlaloTombKonvertalTest" classname="SegedMetodusokTest" time="0"/>
  <testcase name="betubolSzamTest" classname="SegedMetodusokTest" time="0"/>
</testsuite>